<?xml version="1.0" encoding="UTF-8"?>
<!-- Generated by org.testng.reporters.JUnitReportReporter -->
<testsuite skipped="0" hostname="DESKTOP-488FP15" name="Com_ActiTime_Test.demo" tests="1" failures="0" timestamp="15 Sep 2019 03:46:40 GMT" time="0.657" errors="0">
  <testcase name="test" time="0.657" classname="Com_ActiTime_Test.demo"/>
</testsuite> <!-- Com_ActiTime_Test.demo -->
