<?xml version="1.0" encoding="UTF-8"?>
<!-- Generated by org.testng.reporters.JUnitReportReporter -->
<testsuite skipped="0" hostname="DESKTOP-488FP15" name="Com_ActiTime_Test.VerifyVersionTest" tests="3" failures="0" timestamp="21 Sep 2019 05:10:17 GMT" time="68.534" errors="0">
  <testcase name="VerifyVersion" time="5.546" classname="Com_ActiTime_Test.VerifyVersionTest"/>
  <testcase name="VerifyVersion" time="34.898" classname="Com_ActiTime_Test.VerifyVersionTest"/>
  <testcase name="VerifyVersion" time="28.090" classname="Com_ActiTime_Test.VerifyVersionTest"/>
</testsuite> <!-- Com_ActiTime_Test.VerifyVersionTest -->
